<?xml version="1.0" encoding="UTF-8"?>
<testsuite xmlns:xsi="http://www.w3.org/2001/XMLSchema-instance" xsi:noNamespaceSchemaLocation="https://maven.apache.org/surefire/maven-surefire-plugin/xsd/surefire-test-report.xsd" name="com.cawstudios.clouddefence.ClouddefenceTest" time="0.864" tests="1" errors="0" skipped="0" failures="0">
  <properties>
    <property name="sun.desktop" value="gnome"/>
    <property name="awt.toolkit" value="sun.awt.X11.XToolkit"/>
    <property name="java.specification.version" value="11"/>
    <property name="sun.cpu.isalist" value=""/>
    <property name="sun.jnu.encoding" value="UTF-8"/>
    <property name="java.class.path" value="/home/sheeren/MyProjects/Micronaut project/cloud-defence/target/test-classes:/home/sheeren/MyProjects/Micronaut project/cloud-defence/target/classes:/home/sheeren/.m2/repository/io/micronaut/micronaut-inject/3.3.4/micronaut-inject-3.3.4.jar:/home/sheeren/.m2/repository/org/slf4j/slf4j-api/1.7.29/slf4j-api-1.7.29.jar:/home/sheeren/.m2/repository/javax/annotation/javax.annotation-api/1.3.2/javax.annotation-api-1.3.2.jar:/home/sheeren/.m2/repository/jakarta/inject/jakarta.inject-api/2.0.1/jakarta.inject-api-2.0.1.jar:/home/sheeren/.m2/repository/io/micronaut/micronaut-core/3.3.4/micronaut-core-3.3.4.jar:/home/sheeren/.m2/repository/org/yaml/snakeyaml/1.30/snakeyaml-1.30.jar:/home/sheeren/.m2/repository/io/micronaut/micronaut-validation/3.3.4/micronaut-validation-3.3.4.jar:/home/sheeren/.m2/repository/io/micronaut/micronaut-core-reactive/3.3.4/micronaut-core-reactive-3.3.4.jar:/home/sheeren/.m2/repository/org/reactivestreams/reactive-streams/1.0.3/reactive-streams-1.0.3.jar:/home/sheeren/.m2/repository/javax/validation/validation-api/2.0.1.Final/validation-api-2.0.1.Final.jar:/home/sheeren/.m2/repository/io/projectreactor/reactor-core/3.4.14/reactor-core-3.4.14.jar:/home/sheeren/.m2/repository/org/junit/jupiter/junit-jupiter-api/5.7.2/junit-jupiter-api-5.7.2.jar:/home/sheeren/.m2/repository/org/apiguardian/apiguardian-api/1.1.0/apiguardian-api-1.1.0.jar:/home/sheeren/.m2/repository/org/opentest4j/opentest4j/1.2.0/opentest4j-1.2.0.jar:/home/sheeren/.m2/repository/org/junit/platform/junit-platform-commons/1.7.2/junit-platform-commons-1.7.2.jar:/home/sheeren/.m2/repository/org/junit/jupiter/junit-jupiter-engine/5.7.2/junit-jupiter-engine-5.7.2.jar:/home/sheeren/.m2/repository/org/junit/platform/junit-platform-engine/1.7.2/junit-platform-engine-1.7.2.jar:/home/sheeren/.m2/repository/io/micronaut/test/micronaut-test-junit5/3.0.5/micronaut-test-junit5-3.0.5.jar:/home/sheeren/.m2/repository/io/micronaut/test/micronaut-test-core/3.0.5/micronaut-test-core-3.0.5.jar:/home/sheeren/.m2/repository/io/micronaut/micronaut-http-client/3.3.4/micronaut-http-client-3.3.4.jar:/home/sheeren/.m2/repository/io/micronaut/micronaut-http-client-core/3.3.4/micronaut-http-client-core-3.3.4.jar:/home/sheeren/.m2/repository/io/micronaut/micronaut-websocket/3.3.4/micronaut-websocket-3.3.4.jar:/home/sheeren/.m2/repository/io/micronaut/micronaut-http-netty/3.3.4/micronaut-http-netty-3.3.4.jar:/home/sheeren/.m2/repository/io/micronaut/micronaut-buffer-netty/3.3.4/micronaut-buffer-netty-3.3.4.jar:/home/sheeren/.m2/repository/io/netty/netty-codec-http/4.1.73.Final/netty-codec-http-4.1.73.Final.jar:/home/sheeren/.m2/repository/io/netty/netty-codec-http2/4.1.73.Final/netty-codec-http2-4.1.73.Final.jar:/home/sheeren/.m2/repository/io/netty/netty-handler/4.1.73.Final/netty-handler-4.1.73.Final.jar:/home/sheeren/.m2/repository/io/netty/netty-resolver/4.1.73.Final/netty-resolver-4.1.73.Final.jar:/home/sheeren/.m2/repository/io/netty/netty-tcnative-classes/2.0.46.Final/netty-tcnative-classes-2.0.46.Final.jar:/home/sheeren/.m2/repository/io/netty/netty-handler-proxy/4.1.73.Final/netty-handler-proxy-4.1.73.Final.jar:/home/sheeren/.m2/repository/io/netty/netty-common/4.1.73.Final/netty-common-4.1.73.Final.jar:/home/sheeren/.m2/repository/io/netty/netty-buffer/4.1.73.Final/netty-buffer-4.1.73.Final.jar:/home/sheeren/.m2/repository/io/netty/netty-transport/4.1.73.Final/netty-transport-4.1.73.Final.jar:/home/sheeren/.m2/repository/io/netty/netty-codec/4.1.73.Final/netty-codec-4.1.73.Final.jar:/home/sheeren/.m2/repository/io/netty/netty-codec-socks/4.1.73.Final/netty-codec-socks-4.1.73.Final.jar:/home/sheeren/.m2/repository/io/micronaut/micronaut-jackson-databind/3.3.4/micronaut-jackson-databind-3.3.4.jar:/home/sheeren/.m2/repository/io/micronaut/micronaut-jackson-core/3.3.4/micronaut-jackson-core-3.3.4.jar:/home/sheeren/.m2/repository/io/micronaut/micronaut-json-core/3.3.4/micronaut-json-core-3.3.4.jar:/home/sheeren/.m2/repository/com/fasterxml/jackson/core/jackson-core/2.12.6/jackson-core-2.12.6.jar:/home/sheeren/.m2/repository/com/fasterxml/jackson/core/jackson-annotations/2.12.6/jackson-annotations-2.12.6.jar:/home/sheeren/.m2/repository/com/fasterxml/jackson/core/jackson-databind/2.12.6/jackson-databind-2.12.6.jar:/home/sheeren/.m2/repository/com/fasterxml/jackson/datatype/jackson-datatype-jdk8/2.12.6/jackson-datatype-jdk8-2.12.6.jar:/home/sheeren/.m2/repository/com/fasterxml/jackson/datatype/jackson-datatype-jsr310/2.12.6/jackson-datatype-jsr310-2.12.6.jar:/home/sheeren/.m2/repository/io/micronaut/micronaut-runtime/3.3.4/micronaut-runtime-3.3.4.jar:/home/sheeren/.m2/repository/io/micronaut/micronaut-http/3.3.4/micronaut-http-3.3.4.jar:/home/sheeren/.m2/repository/io/micronaut/micronaut-aop/3.3.4/micronaut-aop-3.3.4.jar:/home/sheeren/.m2/repository/io/micronaut/micronaut-context/3.3.4/micronaut-context-3.3.4.jar:/home/sheeren/.m2/repository/io/micronaut/servlet/micronaut-http-server-tomcat/3.1.1/micronaut-http-server-tomcat-3.1.1.jar:/home/sheeren/.m2/repository/io/micronaut/servlet/micronaut-servlet-engine/3.1.1/micronaut-servlet-engine-3.1.1.jar:/home/sheeren/.m2/repository/io/micronaut/servlet/micronaut-servlet-core/3.1.1/micronaut-servlet-core-3.1.1.jar:/home/sheeren/.m2/repository/javax/servlet/javax.servlet-api/4.0.1/javax.servlet-api-4.0.1.jar:/home/sheeren/.m2/repository/io/micronaut/micronaut-http-server/3.3.4/micronaut-http-server-3.3.4.jar:/home/sheeren/.m2/repository/io/micronaut/micronaut-router/3.3.4/micronaut-router-3.3.4.jar:/home/sheeren/.m2/repository/org/apache/tomcat/embed/tomcat-embed-core/9.0.38/tomcat-embed-core-9.0.38.jar:/home/sheeren/.m2/repository/org/apache/tomcat/tomcat-annotations-api/9.0.38/tomcat-annotations-api-9.0.38.jar:/home/sheeren/.m2/repository/jakarta/annotation/jakarta.annotation-api/2.0.0/jakarta.annotation-api-2.0.0.jar:/home/sheeren/.m2/repository/ch/qos/logback/logback-classic/1.2.10/logback-classic-1.2.10.jar:/home/sheeren/.m2/repository/ch/qos/logback/logback-core/1.2.10/logback-core-1.2.10.jar:/home/sheeren/.m2/repository/org/mapstruct/mapstruct/1.4.2.Final/mapstruct-1.4.2.Final.jar:/home/sheeren/.m2/repository/org/projectlombok/lombok/1.18.22/lombok-1.18.22.jar:/home/sheeren/.m2/repository/javax/inject/javax.inject/1/javax.inject-1.jar:/home/sheeren/.m2/repository/org/modelmapper/modelmapper/3.1.0/modelmapper-3.1.0.jar:"/>
    <property name="java.vm.vendor" value="Ubuntu"/>
    <property name="sun.arch.data.model" value="64"/>
    <property name="java.vendor.url" value="https://ubuntu.com/"/>
    <property name="user.timezone" value=""/>
    <property name="java.vm.specification.version" value="11"/>
    <property name="os.name" value="Linux"/>
    <property name="sun.java.launcher" value="SUN_STANDARD"/>
    <property name="user.country" value="IN"/>
    <property name="sun.boot.library.path" value="/usr/lib/jvm/java-11-openjdk-amd64/lib"/>
    <property name="sun.java.command" value="/home/sheeren/MyProjects/Micronaut project/cloud-defence/target/surefire/surefirebooter13179814154191739886.jar /home/sheeren/MyProjects/Micronaut project/cloud-defence/target/surefire 2022-03-17T13-45-33_668-jvmRun1 surefire6752818329266983263tmp surefire_012259735496302627196tmp"/>
    <property name="jdk.debug" value="release"/>
    <property name="surefire.test.class.path" value="/home/sheeren/MyProjects/Micronaut project/cloud-defence/target/test-classes:/home/sheeren/MyProjects/Micronaut project/cloud-defence/target/classes:/home/sheeren/.m2/repository/io/micronaut/micronaut-inject/3.3.4/micronaut-inject-3.3.4.jar:/home/sheeren/.m2/repository/org/slf4j/slf4j-api/1.7.29/slf4j-api-1.7.29.jar:/home/sheeren/.m2/repository/javax/annotation/javax.annotation-api/1.3.2/javax.annotation-api-1.3.2.jar:/home/sheeren/.m2/repository/jakarta/inject/jakarta.inject-api/2.0.1/jakarta.inject-api-2.0.1.jar:/home/sheeren/.m2/repository/io/micronaut/micronaut-core/3.3.4/micronaut-core-3.3.4.jar:/home/sheeren/.m2/repository/org/yaml/snakeyaml/1.30/snakeyaml-1.30.jar:/home/sheeren/.m2/repository/io/micronaut/micronaut-validation/3.3.4/micronaut-validation-3.3.4.jar:/home/sheeren/.m2/repository/io/micronaut/micronaut-core-reactive/3.3.4/micronaut-core-reactive-3.3.4.jar:/home/sheeren/.m2/repository/org/reactivestreams/reactive-streams/1.0.3/reactive-streams-1.0.3.jar:/home/sheeren/.m2/repository/javax/validation/validation-api/2.0.1.Final/validation-api-2.0.1.Final.jar:/home/sheeren/.m2/repository/io/projectreactor/reactor-core/3.4.14/reactor-core-3.4.14.jar:/home/sheeren/.m2/repository/org/junit/jupiter/junit-jupiter-api/5.7.2/junit-jupiter-api-5.7.2.jar:/home/sheeren/.m2/repository/org/apiguardian/apiguardian-api/1.1.0/apiguardian-api-1.1.0.jar:/home/sheeren/.m2/repository/org/opentest4j/opentest4j/1.2.0/opentest4j-1.2.0.jar:/home/sheeren/.m2/repository/org/junit/platform/junit-platform-commons/1.7.2/junit-platform-commons-1.7.2.jar:/home/sheeren/.m2/repository/org/junit/jupiter/junit-jupiter-engine/5.7.2/junit-jupiter-engine-5.7.2.jar:/home/sheeren/.m2/repository/org/junit/platform/junit-platform-engine/1.7.2/junit-platform-engine-1.7.2.jar:/home/sheeren/.m2/repository/io/micronaut/test/micronaut-test-junit5/3.0.5/micronaut-test-junit5-3.0.5.jar:/home/sheeren/.m2/repository/io/micronaut/test/micronaut-test-core/3.0.5/micronaut-test-core-3.0.5.jar:/home/sheeren/.m2/repository/io/micronaut/micronaut-http-client/3.3.4/micronaut-http-client-3.3.4.jar:/home/sheeren/.m2/repository/io/micronaut/micronaut-http-client-core/3.3.4/micronaut-http-client-core-3.3.4.jar:/home/sheeren/.m2/repository/io/micronaut/micronaut-websocket/3.3.4/micronaut-websocket-3.3.4.jar:/home/sheeren/.m2/repository/io/micronaut/micronaut-http-netty/3.3.4/micronaut-http-netty-3.3.4.jar:/home/sheeren/.m2/repository/io/micronaut/micronaut-buffer-netty/3.3.4/micronaut-buffer-netty-3.3.4.jar:/home/sheeren/.m2/repository/io/netty/netty-codec-http/4.1.73.Final/netty-codec-http-4.1.73.Final.jar:/home/sheeren/.m2/repository/io/netty/netty-codec-http2/4.1.73.Final/netty-codec-http2-4.1.73.Final.jar:/home/sheeren/.m2/repository/io/netty/netty-handler/4.1.73.Final/netty-handler-4.1.73.Final.jar:/home/sheeren/.m2/repository/io/netty/netty-resolver/4.1.73.Final/netty-resolver-4.1.73.Final.jar:/home/sheeren/.m2/repository/io/netty/netty-tcnative-classes/2.0.46.Final/netty-tcnative-classes-2.0.46.Final.jar:/home/sheeren/.m2/repository/io/netty/netty-handler-proxy/4.1.73.Final/netty-handler-proxy-4.1.73.Final.jar:/home/sheeren/.m2/repository/io/netty/netty-common/4.1.73.Final/netty-common-4.1.73.Final.jar:/home/sheeren/.m2/repository/io/netty/netty-buffer/4.1.73.Final/netty-buffer-4.1.73.Final.jar:/home/sheeren/.m2/repository/io/netty/netty-transport/4.1.73.Final/netty-transport-4.1.73.Final.jar:/home/sheeren/.m2/repository/io/netty/netty-codec/4.1.73.Final/netty-codec-4.1.73.Final.jar:/home/sheeren/.m2/repository/io/netty/netty-codec-socks/4.1.73.Final/netty-codec-socks-4.1.73.Final.jar:/home/sheeren/.m2/repository/io/micronaut/micronaut-jackson-databind/3.3.4/micronaut-jackson-databind-3.3.4.jar:/home/sheeren/.m2/repository/io/micronaut/micronaut-jackson-core/3.3.4/micronaut-jackson-core-3.3.4.jar:/home/sheeren/.m2/repository/io/micronaut/micronaut-json-core/3.3.4/micronaut-json-core-3.3.4.jar:/home/sheeren/.m2/repository/com/fasterxml/jackson/core/jackson-core/2.12.6/jackson-core-2.12.6.jar:/home/sheeren/.m2/repository/com/fasterxml/jackson/core/jackson-annotations/2.12.6/jackson-annotations-2.12.6.jar:/home/sheeren/.m2/repository/com/fasterxml/jackson/core/jackson-databind/2.12.6/jackson-databind-2.12.6.jar:/home/sheeren/.m2/repository/com/fasterxml/jackson/datatype/jackson-datatype-jdk8/2.12.6/jackson-datatype-jdk8-2.12.6.jar:/home/sheeren/.m2/repository/com/fasterxml/jackson/datatype/jackson-datatype-jsr310/2.12.6/jackson-datatype-jsr310-2.12.6.jar:/home/sheeren/.m2/repository/io/micronaut/micronaut-runtime/3.3.4/micronaut-runtime-3.3.4.jar:/home/sheeren/.m2/repository/io/micronaut/micronaut-http/3.3.4/micronaut-http-3.3.4.jar:/home/sheeren/.m2/repository/io/micronaut/micronaut-aop/3.3.4/micronaut-aop-3.3.4.jar:/home/sheeren/.m2/repository/io/micronaut/micronaut-context/3.3.4/micronaut-context-3.3.4.jar:/home/sheeren/.m2/repository/io/micronaut/servlet/micronaut-http-server-tomcat/3.1.1/micronaut-http-server-tomcat-3.1.1.jar:/home/sheeren/.m2/repository/io/micronaut/servlet/micronaut-servlet-engine/3.1.1/micronaut-servlet-engine-3.1.1.jar:/home/sheeren/.m2/repository/io/micronaut/servlet/micronaut-servlet-core/3.1.1/micronaut-servlet-core-3.1.1.jar:/home/sheeren/.m2/repository/javax/servlet/javax.servlet-api/4.0.1/javax.servlet-api-4.0.1.jar:/home/sheeren/.m2/repository/io/micronaut/micronaut-http-server/3.3.4/micronaut-http-server-3.3.4.jar:/home/sheeren/.m2/repository/io/micronaut/micronaut-router/3.3.4/micronaut-router-3.3.4.jar:/home/sheeren/.m2/repository/org/apache/tomcat/embed/tomcat-embed-core/9.0.38/tomcat-embed-core-9.0.38.jar:/home/sheeren/.m2/repository/org/apache/tomcat/tomcat-annotations-api/9.0.38/tomcat-annotations-api-9.0.38.jar:/home/sheeren/.m2/repository/jakarta/annotation/jakarta.annotation-api/2.0.0/jakarta.annotation-api-2.0.0.jar:/home/sheeren/.m2/repository/ch/qos/logback/logback-classic/1.2.10/logback-classic-1.2.10.jar:/home/sheeren/.m2/repository/ch/qos/logback/logback-core/1.2.10/logback-core-1.2.10.jar:/home/sheeren/.m2/repository/org/mapstruct/mapstruct/1.4.2.Final/mapstruct-1.4.2.Final.jar:/home/sheeren/.m2/repository/org/projectlombok/lombok/1.18.22/lombok-1.18.22.jar:/home/sheeren/.m2/repository/javax/inject/javax.inject/1/javax.inject-1.jar:/home/sheeren/.m2/repository/org/modelmapper/modelmapper/3.1.0/modelmapper-3.1.0.jar:"/>
    <property name="sun.cpu.endian" value="little"/>
    <property name="user.home" value="/home/sheeren"/>
    <property name="user.language" value="en"/>
    <property name="java.specification.vendor" value="Oracle Corporation"/>
    <property name="java.version.date" value="2022-01-18"/>
    <property name="java.home" value="/usr/lib/jvm/java-11-openjdk-amd64"/>
    <property name="file.separator" value="/"/>
    <property name="basedir" value="/home/sheeren/MyProjects/Micronaut project/cloud-defence"/>
    <property name="java.vm.compressedOopsMode" value="Zero based"/>
    <property name="line.separator" value="&#10;"/>
    <property name="java.specification.name" value="Java Platform API Specification"/>
    <property name="java.vm.specification.vendor" value="Oracle Corporation"/>
    <property name="java.awt.graphicsenv" value="sun.awt.X11GraphicsEnvironment"/>
    <property name="surefire.real.class.path" value="/home/sheeren/MyProjects/Micronaut project/cloud-defence/target/surefire/surefirebooter13179814154191739886.jar"/>
    <property name="sun.management.compiler" value="HotSpot 64-Bit Tiered Compilers"/>
    <property name="java.runtime.version" value="11.0.14+9-Ubuntu-0ubuntu2.20.04"/>
    <property name="user.name" value="sheeren"/>
    <property name="path.separator" value=":"/>
    <property name="os.version" value="5.14.0-1027-oem"/>
    <property name="java.runtime.name" value="OpenJDK Runtime Environment"/>
    <property name="file.encoding" value="UTF-8"/>
    <property name="java.vm.name" value="OpenJDK 64-Bit Server VM"/>
    <property name="localRepository" value="/home/sheeren/.m2/repository"/>
    <property name="java.vendor.url.bug" value="https://bugs.launchpad.net/ubuntu/+source/openjdk-lts"/>
    <property name="java.io.tmpdir" value="/tmp"/>
    <property name="idea.version" value="2021.3.2"/>
    <property name="java.version" value="11.0.14"/>
    <property name="user.dir" value="/home/sheeren/MyProjects/Micronaut project/cloud-defence"/>
    <property name="os.arch" value="amd64"/>
    <property name="java.vm.specification.name" value="Java Virtual Machine Specification"/>
    <property name="java.awt.printerjob" value="sun.print.PSPrinterJob"/>
    <property name="sun.os.patch.level" value="unknown"/>
    <property name="java.library.path" value="/usr/java/packages/lib:/usr/lib/x86_64-linux-gnu/jni:/lib/x86_64-linux-gnu:/usr/lib/x86_64-linux-gnu:/usr/lib/jni:/lib:/usr/lib"/>
    <property name="java.vm.info" value="mixed mode, sharing"/>
    <property name="java.vendor" value="Ubuntu"/>
    <property name="java.vm.version" value="11.0.14+9-Ubuntu-0ubuntu2.20.04"/>
    <property name="sun.io.unicode.encoding" value="UnicodeLittle"/>
    <property name="java.class.version" value="55.0"/>
  </properties>
  <testcase name="testItWorks" classname="com.cawstudios.clouddefence.ClouddefenceTest" time="0.017"/>
</testsuite>